[0m[[0m[0mdebug[0m] [0m[0m[34mTest run started[0m[0m
[0m[[0m[0mdebug[0m] [0m[0mTest [33mScenario: Search for expensive dress on new account[0m started[0m
[0m[[0m[0mdebug[0m] [0m[0mTest [33mScenario: Search for expensive dress on new account[0m.[36mGiven A new customer account is created[0m started[0m
[0m[[0m[0mdebug[0m] [0m[0mTest [33mScenario: Search for expensive dress on new account[0m.[36mGiven A new customer account is created[0m finished, took 0.001 sec[0m
[0m[[0m[0mdebug[0m] [0m[0mTest [33mScenario: Search for expensive dress on new account[0m.[36mAnd The customer logs in with the new account[0m started[0m
[0m[[0m[0mdebug[0m] [0m[0mTest [33mScenario: Search for expensive dress on new account[0m.[36mAnd The customer logs in with the new account[0m finished, took 0.0 sec[0m
[0m[[0m[0mdebug[0m] [0m[0mTest [33mScenario: Search for expensive dress on new account[0m.[36mWhen The customer search for the most expensive dresses[0m started[0m
[0m[[0m[0mdebug[0m] [0m[0mTest [33mScenario: Search for expensive dress on new account[0m.[36mWhen The customer search for the most expensive dresses[0m finished, took 0.0 sec[0m
[0m[[0m[0mdebug[0m] [0m[0mTest [33mScenario: Search for expensive dress on new account[0m.[36mAnd The selected dress is added to cart[0m started[0m
[0m[[0m[0mdebug[0m] [0m[0mTest [33mScenario: Search for expensive dress on new account[0m.[36mAnd The selected dress is added to cart[0m finished, took 0.0 sec[0m
[0m[[0m[0mdebug[0m] [0m[0mTest [33mScenario: Search for expensive dress on new account[0m.[36mAnd The customer log out and back in again[0m started[0m
[0m[[0m[0mdebug[0m] [0m[0mTest [33mScenario: Search for expensive dress on new account[0m.[36mAnd The customer log out and back in again[0m finished, took 0.0 sec[0m
[0m[[0m[0mdebug[0m] [0m[0mTest [33mScenario: Search for expensive dress on new account[0m.[36mThen The selected dress must still be in the cart[0m started[0m
[0m[[0m[31merror[0m] [0m[0mTest [33mScenario: Search for expensive dress on new account[0m.[31mThen The selected dress must still be in the cart[0m failed: org.openqa.selenium.[31mNoSuchElementException[0m: no such element: Unable to locate element: {"method":"css selector","selector":"#total_product"}[0m
[0m[[0m[31merror[0m] [0m[0m  (Session info: chrome=80.0.3987.106)[0m
[0m[[0m[31merror[0m] [0m[0mFor documentation on this error, please visit: https://selenium.dev/exceptions/#no_such_element[0m
[0m[[0m[31merror[0m] [0m[0mBuild info: version: '4.0.0-alpha-4', revision: 'c2d955b49e'[0m
[0m[[0m[31merror[0m] [0m[0mSystem info: host: 'MacBook-Pro.local', ip: 'fe80:0:0:0:1428:bb22:ca23:a148%en0', os.name: 'Mac OS X', os.arch: 'x86_64', os.version: '10.15.3', java.version: '1.8.0_181'[0m
[0m[[0m[31merror[0m] [0m[0mDriver info: org.openqa.selenium.chrome.ChromeDriver[0m
[0m[[0m[31merror[0m] [0m[0mCapabilities {acceptInsecureCerts: false, browserName: chrome, browserVersion: 80.0.3987.106, chrome: {chromedriverVersion: 80.0.3987.106 (f68069574609..., userDataDir: /var/folders/n4/syq93gnx5cq...}, goog:chromeOptions: {debuggerAddress: localhost:65366}, javascriptEnabled: true, networkConnectionEnabled: false, pageLoadStrategy: normal, platform: MAC, platformName: MAC, proxy: Proxy(), setWindowRect: true, strictFileInteractability: false, timeouts: {implicit: 0, pageLoad: 300000, script: 30000}, unhandledPromptBehavior: dismiss and notify}[0m
[0m[[0m[31merror[0m] [0m[0mSession ID: 68a6b2551ca3931de777794af0a96dee[0m
[0m[[0m[31merror[0m] [0m[0m*** Element info: {Using=css selector, value=#total_product}, took 0.002 sec[0m
[0m[[0m[31merror[0m] [0m[0m    at sun.reflect.NativeConstructorAccessorImpl.newInstance0(Native Method)[0m
[0m[[0m[31merror[0m] [0m[0m    at sun.reflect.NativeConstructorAccessorImpl.newInstance(NativeConstructorAccessorImpl.java:62)[0m
[0m[[0m[31merror[0m] [0m[0m    at sun.reflect.DelegatingConstructorAccessorImpl.newInstance(DelegatingConstructorAccessorImpl.java:45)[0m
[0m[[0m[31merror[0m] [0m[0m    at java.lang.reflect.Constructor.newInstance(Constructor.java:423)[0m
[0m[[0m[31merror[0m] [0m[0m    at org.openqa.selenium.remote.codec.w3c.W3CHttpResponseCodec.createException(W3CHttpResponseCodec.java:196)[0m
[0m[[0m[31merror[0m] [0m[0m    at org.openqa.selenium.remote.codec.w3c.W3CHttpResponseCodec.decode(W3CHttpResponseCodec.java:129)[0m
[0m[[0m[31merror[0m] [0m[0m    at org.openqa.selenium.remote.codec.w3c.W3CHttpResponseCodec.decode(W3CHttpResponseCodec.java:53)[0m
[0m[[0m[31merror[0m] [0m[0m    at org.openqa.selenium.remote.HttpCommandExecutor.execute(HttpCommandExecutor.java:161)[0m
[0m[[0m[31merror[0m] [0m[0m    at org.openqa.selenium.remote.service.DriverCommandExecutor.execute(DriverCommandExecutor.java:83)[0m
[0m[[0m[31merror[0m] [0m[0m    at org.openqa.selenium.remote.RemoteWebDriver.execute(RemoteWebDriver.java:582)[0m
[0m[[0m[31merror[0m] [0m[0m    at org.openqa.selenium.remote.RemoteWebDriver.findElement(RemoteWebDriver.java:333)[0m
[0m[[0m[31merror[0m] [0m[0m    at org.openqa.selenium.remote.RemoteWebDriver.findElementByCssSelector(RemoteWebDriver.java:441)[0m
[0m[[0m[31merror[0m] [0m[0m    at org.openqa.selenium.By$ByCssSelector.findElement(By.java:494)[0m
[0m[[0m[31merror[0m] [0m[0m    at org.openqa.selenium.remote.RemoteWebDriver.findElement(RemoteWebDriver.java:325)[0m
[0m[[0m[31merror[0m] [0m[0m    at pages.SearchItem.getPriceItemInCart(SearchItem.scala:50)[0m
[0m[[0m[31merror[0m] [0m[0m    at StepDefs.SearchItemStepDef$$anonfun$7.apply(SearchItemStepDef.scala:67)[0m
[0m[[0m[31merror[0m] [0m[0m    at StepDefs.SearchItemStepDef$$anonfun$7.apply(SearchItemStepDef.scala:65)[0m
[0m[[0m[31merror[0m] [0m[0m    at cucumber.api.scala.ScalaDsl$StepBody$$anonfun$apply$1.applyOrElse(ScalaDsl.scala:62)[0m
[0m[[0m[31merror[0m] [0m[0m    at cucumber.api.scala.ScalaDsl$StepBody$$anonfun$apply$1.applyOrElse(ScalaDsl.scala:62)[0m
[0m[[0m[31merror[0m] [0m[0m    at scala.runtime.AbstractPartialFunction.apply(AbstractPartialFunction.scala:36)[0m
[0m[[0m[31merror[0m] [0m[0m    at cucumber.runtime.scala.ScalaStepDefinition.execute(ScalaStepDefinition.scala:71)[0m
[0m[[0m[31merror[0m] [0m[0m    at cucumber.runtime.StepDefinitionMatch.runStep(StepDefinitionMatch.java:37)[0m
[0m[[0m[31merror[0m] [0m[0m    at cucumber.runtime.Runtime.runStep(Runtime.java:299)[0m
[0m[[0m[31merror[0m] [0m[0m    at cucumber.runtime.model.StepContainer.runStep(StepContainer.java:44)[0m
[0m[[0m[31merror[0m] [0m[0m    at cucumber.runtime.model.StepContainer.runSteps(StepContainer.java:39)[0m
[0m[[0m[31merror[0m] [0m[0m    at cucumber.runtime.model.CucumberScenario.run(CucumberScenario.java:44)[0m
[0m[[0m[31merror[0m] [0m[0m    at cucumber.runtime.junit.ExecutionUnitRunner.run(ExecutionUnitRunner.java:91)[0m
[0m[[0m[31merror[0m] [0m[0m    at cucumber.runtime.junit.FeatureRunner.runChild(FeatureRunner.java:63)[0m
[0m[[0m[31merror[0m] [0m[0m    at cucumber.runtime.junit.FeatureRunner.runChild(FeatureRunner.java:18)[0m
[0m[[0m[31merror[0m] [0m[0m    ...[0m
[0m[[0m[0mdebug[0m] [0m[0mTest [33mScenario: Search for expensive dress on new account[0m.[36mThen The selected dress must still be in the cart[0m finished, took 0.006 sec[0m
[0m[[0m[31merror[0m] [0m[0mTest [33mScenario: Search for expensive dress on new account[0m failed: org.openqa.selenium.[31mNoSuchElementException[0m: no such element: Unable to locate element: {"method":"css selector","selector":"#total_product"}[0m
[0m[[0m[31merror[0m] [0m[0m  (Session info: chrome=80.0.3987.106)[0m
[0m[[0m[31merror[0m] [0m[0mFor documentation on this error, please visit: https://selenium.dev/exceptions/#no_such_element[0m
[0m[[0m[31merror[0m] [0m[0mBuild info: version: '4.0.0-alpha-4', revision: 'c2d955b49e'[0m
[0m[[0m[31merror[0m] [0m[0mSystem info: host: 'MacBook-Pro.local', ip: 'fe80:0:0:0:1428:bb22:ca23:a148%en0', os.name: 'Mac OS X', os.arch: 'x86_64', os.version: '10.15.3', java.version: '1.8.0_181'[0m
[0m[[0m[31merror[0m] [0m[0mDriver info: org.openqa.selenium.chrome.ChromeDriver[0m
[0m[[0m[31merror[0m] [0m[0mCapabilities {acceptInsecureCerts: false, browserName: chrome, browserVersion: 80.0.3987.106, chrome: {chromedriverVersion: 80.0.3987.106 (f68069574609..., userDataDir: /var/folders/n4/syq93gnx5cq...}, goog:chromeOptions: {debuggerAddress: localhost:65366}, javascriptEnabled: true, networkConnectionEnabled: false, pageLoadStrategy: normal, platform: MAC, platformName: MAC, proxy: Proxy(), setWindowRect: true, strictFileInteractability: false, timeouts: {implicit: 0, pageLoad: 300000, script: 30000}, unhandledPromptBehavior: dismiss and notify}[0m
[0m[[0m[31merror[0m] [0m[0mSession ID: 68a6b2551ca3931de777794af0a96dee[0m
[0m[[0m[31merror[0m] [0m[0m*** Element info: {Using=css selector, value=#total_product}, took 29.254 sec[0m
[0m[[0m[31merror[0m] [0m[0m    at sun.reflect.NativeConstructorAccessorImpl.newInstance0(Native Method)[0m
[0m[[0m[31merror[0m] [0m[0m    at sun.reflect.NativeConstructorAccessorImpl.newInstance(NativeConstructorAccessorImpl.java:62)[0m
[0m[[0m[31merror[0m] [0m[0m    at sun.reflect.DelegatingConstructorAccessorImpl.newInstance(DelegatingConstructorAccessorImpl.java:45)[0m
[0m[[0m[31merror[0m] [0m[0m    at java.lang.reflect.Constructor.newInstance(Constructor.java:423)[0m
[0m[[0m[31merror[0m] [0m[0m    at org.openqa.selenium.remote.codec.w3c.W3CHttpResponseCodec.createException(W3CHttpResponseCodec.java:196)[0m
[0m[[0m[31merror[0m] [0m[0m    at org.openqa.selenium.remote.codec.w3c.W3CHttpResponseCodec.decode(W3CHttpResponseCodec.java:129)[0m
[0m[[0m[31merror[0m] [0m[0m    at org.openqa.selenium.remote.codec.w3c.W3CHttpResponseCodec.decode(W3CHttpResponseCodec.java:53)[0m
[0m[[0m[31merror[0m] [0m[0m    at org.openqa.selenium.remote.HttpCommandExecutor.execute(HttpCommandExecutor.java:161)[0m
[0m[[0m[31merror[0m] [0m[0m    at org.openqa.selenium.remote.service.DriverCommandExecutor.execute(DriverCommandExecutor.java:83)[0m
[0m[[0m[31merror[0m] [0m[0m    at org.openqa.selenium.remote.RemoteWebDriver.execute(RemoteWebDriver.java:582)[0m
[0m[[0m[31merror[0m] [0m[0m    at org.openqa.selenium.remote.RemoteWebDriver.findElement(RemoteWebDriver.java:333)[0m
[0m[[0m[31merror[0m] [0m[0m    at org.openqa.selenium.remote.RemoteWebDriver.findElementByCssSelector(RemoteWebDriver.java:441)[0m
[0m[[0m[31merror[0m] [0m[0m    at org.openqa.selenium.By$ByCssSelector.findElement(By.java:494)[0m
[0m[[0m[31merror[0m] [0m[0m    at org.openqa.selenium.remote.RemoteWebDriver.findElement(RemoteWebDriver.java:325)[0m
[0m[[0m[31merror[0m] [0m[0m    at pages.SearchItem.getPriceItemInCart(SearchItem.scala:50)[0m
[0m[[0m[31merror[0m] [0m[0m    at StepDefs.SearchItemStepDef$$anonfun$7.apply(SearchItemStepDef.scala:67)[0m
[0m[[0m[31merror[0m] [0m[0m    at StepDefs.SearchItemStepDef$$anonfun$7.apply(SearchItemStepDef.scala:65)[0m
[0m[[0m[31merror[0m] [0m[0m    at cucumber.api.scala.ScalaDsl$StepBody$$anonfun$apply$1.applyOrElse(ScalaDsl.scala:62)[0m
[0m[[0m[31merror[0m] [0m[0m    at cucumber.api.scala.ScalaDsl$StepBody$$anonfun$apply$1.applyOrElse(ScalaDsl.scala:62)[0m
[0m[[0m[31merror[0m] [0m[0m    at scala.runtime.AbstractPartialFunction.apply(AbstractPartialFunction.scala:36)[0m
[0m[[0m[31merror[0m] [0m[0m    at cucumber.runtime.scala.ScalaStepDefinition.execute(ScalaStepDefinition.scala:71)[0m
[0m[[0m[31merror[0m] [0m[0m    at cucumber.runtime.StepDefinitionMatch.runStep(StepDefinitionMatch.java:37)[0m
[0m[[0m[31merror[0m] [0m[0m    at cucumber.runtime.Runtime.runStep(Runtime.java:299)[0m
[0m[[0m[31merror[0m] [0m[0m    at cucumber.runtime.model.StepContainer.runStep(StepContainer.java:44)[0m
[0m[[0m[31merror[0m] [0m[0m    at cucumber.runtime.model.StepContainer.runSteps(StepContainer.java:39)[0m
[0m[[0m[31merror[0m] [0m[0m    at cucumber.runtime.model.CucumberScenario.run(CucumberScenario.java:44)[0m
[0m[[0m[31merror[0m] [0m[0m    at cucumber.runtime.junit.ExecutionUnitRunner.run(ExecutionUnitRunner.java:91)[0m
[0m[[0m[31merror[0m] [0m[0m    at cucumber.runtime.junit.FeatureRunner.runChild(FeatureRunner.java:63)[0m
[0m[[0m[31merror[0m] [0m[0m    at cucumber.runtime.junit.FeatureRunner.runChild(FeatureRunner.java:18)[0m
[0m[[0m[31merror[0m] [0m[0m    ...[0m
[0m[[0m[0mdebug[0m] [0m[0mTest [33mScenario: Search for expensive dress on new account[0m finished, took 29.665 sec[0m
[0m[[0m[0mdebug[0m] [0m[0m[34mTest run finished: [0m[31m2 failed[0m[34m, [0m[34m0 ignored[0m[34m, 7 total, 29.689s[0m[0m
